==============================================================================
20180130 10:51:05.652 - INFO - + START SUITE: Acceptancetest [ ]
==============================================================================
20180130 10:51:05.811 - INFO - +- START SUITE: Acceptancetest.HelloWorldTests [ ]
==============================================================================
20180130 10:51:05.833 - INFO - +-- START TEST: Say Hello [ ]
------------------------------------------------------------------------------
20180130 10:51:05.850 - INFO - +--- START KW: keywords.CustomKeywords.Greet Everyone [ ]
20180130 10:51:05.866 - INFO - +--- END KW: keywords.CustomKeywords.Greet Everyone (17)
------------------------------------------------------------------------------
20180130 10:51:05.884 - INFO - +-- END TEST: Say Hello (48)
------------------------------------------------------------------------------
20180130 10:51:05.890 - INFO - +-- START TEST: Say Hello In Pig Latin [ ]
------------------------------------------------------------------------------
20180130 10:51:05.899 - INFO - +--- START KW: keywords.CustomKeywords.Reverse Greet Everyone [ ]
20180130 10:51:05.907 - INFO - +--- END KW: keywords.CustomKeywords.Reverse Greet Everyone (9)
------------------------------------------------------------------------------
20180130 10:51:05.916 - INFO - +-- END TEST: Say Hello In Pig Latin (23)
------------------------------------------------------------------------------
20180130 10:51:05.923 - INFO - +-- START TEST: Make Sure You're Saying Hello [ ]
------------------------------------------------------------------------------
20180130 10:51:05.934 - INFO - +--- START KW: keywords.CustomKeywords.Greet Everyone [ ]
20180130 10:51:05.960 - INFO - ${result} = hello world
20180130 10:51:05.971 - INFO - +--- END KW: keywords.CustomKeywords.Greet Everyone (32)
~~~~~~~~~~~~~~~~~~~~~~~~~~~~~~~~~~~~~~~~~~~~~~~~~~~~~~~~~~~~~~~~~~~~~~~~~~~~~~
20180130 10:51:05.974 - INFO - +--- START KW: BuiltIn.Should Be Equal [ ${result} | hello world ]
20180130 10:51:06.036 - INFO - +--- END KW: BuiltIn.Should Be Equal (31)
------------------------------------------------------------------------------
20180130 10:51:06.054 - INFO - +-- END TEST: Make Sure You're Saying Hello (122)
------------------------------------------------------------------------------
20180130 10:51:06.065 - INFO - +-- START TEST: Make A Test That Fails [ ]
------------------------------------------------------------------------------
20180130 10:51:06.079 - INFO - +--- START KW: keywords.CustomKeywords.Reverse Greet Everyone [ ]
20180130 10:51:06.095 - INFO - ${result} = dlrow olleh
20180130 10:51:06.111 - INFO - +--- END KW: keywords.CustomKeywords.Reverse Greet Everyone (21)
~~~~~~~~~~~~~~~~~~~~~~~~~~~~~~~~~~~~~~~~~~~~~~~~~~~~~~~~~~~~~~~~~~~~~~~~~~~~~~
20180130 10:51:06.115 - INFO - +--- START KW: BuiltIn.Should Be Equal [ ${result} | dlrow olleh ]
20180130 10:51:06.146 - INFO - +--- END KW: BuiltIn.Should Be Equal (30)
------------------------------------------------------------------------------
20180130 10:51:06.154 - INFO - +-- END TEST: Make A Test That Fails (86)
------------------------------------------------------------------------------
20180130 10:51:06.274 - INFO - +- END SUITE: Acceptancetest.HelloWorldTests (538)
==============================================================================
20180130 10:51:06.335 - INFO - + END SUITE: Acceptancetest (1803)
==============================================================================
